02:00:39 **** Incremental Build of configuration Debug for project mini_project3 ****
make all 
Building file: ../dc_motor.c
Invoking: AVR Compiler
avr-gcc -Wall -g2 -gstabs -O0 -fpack-struct -fshort-enums -ffunction-sections -fdata-sections -std=gnu99 -funsigned-char -funsigned-bitfields -mmcu=atmega32 -DF_CPU=1000000UL -MMD -MP -MF"dc_motor.d" -MT"dc_motor.o" -c -o "dc_motor.o" "../dc_motor.c"
Finished building: ../dc_motor.c
 
Building target: mini_project3.elf
Invoking: AVR C Linker
avr-gcc -Wl,-Map,mini_project3.map -mmcu=atmega32 -o "mini_project3.elf"  ./PWM.o ./adc.o ./dc_motor.o ./gpio.o ./lcd.o ./lm35_sensor.o ./project3.o   
Finished building target: mini_project3.elf
 
Invoking: AVR Create Extended Listing
avr-objdump -h -S mini_project3.elf  >"mini_project3.lss"
Finished building: mini_project3.lss
 
Invoking: Print Size
avr-size --format=avr --mcu=atmega32 mini_project3.elf
AVR Memory Usage
----------------
Device: atmega32

Program:   10106 bytes (30.8% Full)
(.text + .data + .bootloader)

Data:        310 bytes (15.1% Full)
(.data + .bss + .noinit)


Finished building: sizedummy
 

02:00:39 Build Finished. 0 errors, 0 warnings. (took 620ms)

